<?xml version="1.0" encoding="utf-8"?><testsuites name="pytest tests"><testsuite name="pytest" errors="0" failures="0" skipped="0" tests="23" time="4.865" timestamp="2026-04-24T17:38:08.736236+00:00" hostname="agent-env-46246d4e-c550-4905-8b0f-70be2a42f558"><testcase classname="backend.tests.backend_test.TestHealth" name="test_root" time="0.238" /><testcase classname="backend.tests.backend_test.TestAuth" name="test_login_success" time="0.398" /><testcase classname="backend.tests.backend_test.TestAuth" name="test_login_wrong_password" time="0.376" /><testcase classname="backend.tests.backend_test.TestAuth" name="test_login_unknown_user" time="0.115" /><testcase classname="backend.tests.backend_test.TestAuth" name="test_me_requires_auth" time="0.110" /><testcase classname="backend.tests.backend_test.TestAuth" name="test_me_with_valid_token" time="0.517" /><testcase classname="backend.tests.backend_test.TestAuth" name="test_me_with_invalid_token" time="0.142" /><testcase classname="backend.tests.backend_test.TestProducts" name="test_list_products_seeded" time="0.171" /><testcase classname="backend.tests.backend_test.TestProducts" name="test_filter_by_category" time="0.115" /><testcase classname="backend.tests.backend_test.TestProducts" name="test_filter_featured" time="0.110" /><testcase classname="backend.tests.backend_test.TestProducts" name="test_filter_by_size" time="0.128" /><testcase classname="backend.tests.backend_test.TestProducts" name="test_filter_price_range" time="0.105" /><testcase classname="backend.tests.backend_test.TestProducts" name="test_search_by_name" time="0.103" /><testcase classname="backend.tests.backend_test.TestProducts" name="test_get_product_detail" time="0.229" /><testcase classname="backend.tests.backend_test.TestProducts" name="test_get_product_404" time="0.105" /><testcase classname="backend.tests.backend_test.TestProducts" name="test_create_product_unauth" time="0.105" /><testcase classname="backend.tests.backend_test.TestProducts" name="test_admin_product_crud" time="0.689" /><testcase classname="backend.tests.backend_test.TestOrders" name="test_create_order_guest" time="0.254" /><testcase classname="backend.tests.backend_test.TestOrders" name="test_create_order_empty_items" time="0.122" /><testcase classname="backend.tests.backend_test.TestOrders" name="test_list_orders_unauth" time="0.101" /><testcase classname="backend.tests.backend_test.TestOrders" name="test_list_orders_admin" time="0.109" /><testcase classname="backend.tests.backend_test.TestOrders" name="test_update_order_status" time="0.229" /><testcase classname="backend.tests.backend_test.TestOrders" name="test_update_order_unauth" time="0.101" /></testsuite></testsuites>